<?xml version="1.0" encoding="UTF-8"?>
<coverage generated="1766809634701" clover="3.2.0">
  <project timestamp="1766809634701" name="All files">
    <metrics statements="9" coveredstatements="7" conditionals="4" coveredconditionals="3" methods="2" coveredmethods="1" elements="15" coveredelements="11" complexity="0" loc="9" ncloc="9" packages="1" files="1" classes="1"/>
    <file name="app.ts" path="C:\googleprojects\conductor-context-dashboard\backend\src\app.ts">
      <metrics statements="9" coveredstatements="7" conditionals="4" coveredconditionals="3" methods="2" coveredmethods="1"/>
      <line num="1" count="1" type="stmt"/>
      <line num="3" count="1" type="stmt"/>
      <line num="4" count="1" type="cond" truecount="2" falsecount="0"/>
      <line num="6" count="1" type="stmt"/>
      <line num="7" count="1" type="stmt"/>
      <line num="11" count="1" type="stmt"/>
      <line num="14" count="1" type="cond" truecount="1" falsecount="1"/>
      <line num="15" count="0" type="stmt"/>
      <line num="16" count="0" type="stmt"/>
    </file>
  </project>
</coverage>
