<?xml version="1.0" encoding="UTF-8"?>
<coverage generated="1767407903894" clover="3.2.0">
  <project timestamp="1767407903894" name="All files">
    <metrics statements="100" coveredstatements="98" conditionals="40" coveredconditionals="38" methods="13" coveredmethods="12" elements="153" coveredelements="148" complexity="0" loc="100" ncloc="100" packages="1" files="4" classes="4"/>
    <file name="app.ts" path="C:\googleprojects\conductor-context-dashboard\backend\src\app.ts">
      <metrics statements="13" coveredstatements="11" conditionals="2" coveredconditionals="1" methods="3" coveredmethods="2"/>
      <line num="1" count="1" type="stmt"/>
      <line num="2" count="1" type="stmt"/>
      <line num="4" count="1" type="stmt"/>
      <line num="5" count="1" type="stmt"/>
      <line num="7" count="1" type="stmt"/>
      <line num="9" count="1" type="stmt"/>
      <line num="10" count="1" type="stmt"/>
      <line num="13" count="1" type="stmt"/>
      <line num="14" count="1" type="stmt"/>
      <line num="18" count="1" type="stmt"/>
      <line num="21" count="1" type="cond" truecount="1" falsecount="1"/>
      <line num="22" count="0" type="stmt"/>
      <line num="23" count="0" type="stmt"/>
    </file>
    <file name="conductor-parser.ts" path="C:\googleprojects\conductor-context-dashboard\backend\src\conductor-parser.ts">
      <metrics statements="63" coveredstatements="63" conditionals="29" coveredconditionals="29" methods="6" coveredmethods="6"/>
      <line num="39" count="1" type="stmt"/>
      <line num="41" count="1" type="stmt"/>
      <line num="42" count="1" type="stmt"/>
      <line num="45" count="7" type="cond" truecount="3" falsecount="0"/>
      <line num="55" count="1" type="stmt"/>
      <line num="56" count="3" type="stmt"/>
      <line num="57" count="3" type="stmt"/>
      <line num="58" count="2" type="cond" truecount="2" falsecount="0"/>
      <line num="59" count="1" type="stmt"/>
      <line num="61" count="1" type="stmt"/>
      <line num="63" count="2" type="stmt"/>
      <line num="64" count="2" type="stmt"/>
      <line num="68" count="1" type="stmt"/>
      <line num="69" count="5" type="stmt"/>
      <line num="70" count="5" type="stmt"/>
      <line num="72" count="5" type="stmt"/>
      <line num="73" count="5" type="stmt"/>
      <line num="75" count="5" type="stmt"/>
      <line num="77" count="5" type="stmt"/>
      <line num="78" count="41" type="stmt"/>
      <line num="79" count="41" type="cond" truecount="2" falsecount="0"/>
      <line num="80" count="6" type="stmt"/>
      <line num="81" count="6" type="stmt"/>
      <line num="84" count="35" type="stmt"/>
      <line num="85" count="35" type="cond" truecount="4" falsecount="0"/>
      <line num="86" count="4" type="stmt"/>
      <line num="90" count="4" type="stmt"/>
      <line num="94" count="5" type="stmt"/>
      <line num="97" count="1" type="stmt"/>
      <line num="98" count="5" type="stmt"/>
      <line num="99" count="5" type="stmt"/>
      <line num="101" count="5" type="stmt"/>
      <line num="102" count="5" type="stmt"/>
      <line num="103" count="5" type="stmt"/>
      <line num="104" count="5" type="stmt"/>
      <line num="106" count="5" type="stmt"/>
      <line num="107" count="5" type="stmt"/>
      <line num="109" count="5" type="stmt"/>
      <line num="110" count="13" type="cond" truecount="2" falsecount="0"/>
      <line num="111" count="7" type="cond" truecount="2" falsecount="0"/>
      <line num="112" count="5" type="stmt"/>
      <line num="115" count="5" type="stmt"/>
      <line num="116" count="43" type="stmt"/>
      <line num="117" count="43" type="cond" truecount="2" falsecount="0"/>
      <line num="118" count="5" type="stmt"/>
      <line num="119" count="5" type="stmt"/>
      <line num="122" count="38" type="stmt"/>
      <line num="123" count="38" type="cond" truecount="2" falsecount="0"/>
      <line num="124" count="4" type="stmt"/>
      <line num="129" count="4" type="stmt"/>
      <line num="130" count="4" type="stmt"/>
      <line num="131" count="4" type="stmt"/>
      <line num="134" count="34" type="stmt"/>
      <line num="135" count="34" type="cond" truecount="4" falsecount="0"/>
      <line num="136" count="6" type="stmt"/>
      <line num="141" count="6" type="stmt"/>
      <line num="142" count="6" type="stmt"/>
      <line num="145" count="28" type="stmt"/>
      <line num="146" count="28" type="cond" truecount="4" falsecount="0"/>
      <line num="147" count="7" type="stmt"/>
      <line num="151" count="7" type="stmt"/>
      <line num="152" count="7" type="stmt"/>
      <line num="156" count="5" type="stmt"/>
    </file>
    <file name="config.ts" path="C:\googleprojects\conductor-context-dashboard\backend\src\config.ts">
      <metrics statements="6" coveredstatements="6" conditionals="4" coveredconditionals="4" methods="1" coveredmethods="1"/>
      <line num="2" count="5" type="stmt"/>
      <line num="3" count="5" type="stmt"/>
      <line num="6" count="5" type="stmt"/>
      <line num="13" count="5" type="stmt"/>
      <line num="14" count="5" type="stmt"/>
      <line num="20" count="5" type="stmt"/>
    </file>
    <file name="github.ts" path="C:\googleprojects\conductor-context-dashboard\backend\src\github.ts">
      <metrics statements="18" coveredstatements="18" conditionals="5" coveredconditionals="4" methods="3" coveredmethods="3"/>
      <line num="2" count="1" type="stmt"/>
      <line num="11" count="1" type="stmt"/>
      <line num="12" count="6" type="cond" truecount="2" falsecount="0"/>
      <line num="13" count="4" type="stmt"/>
      <line num="14" count="4" type="cond" truecount="2" falsecount="0"/>
      <line num="15" count="2" type="stmt"/>
      <line num="18" count="2" type="stmt"/>
      <line num="20" count="6" type="stmt"/>
      <line num="23" count="1" type="stmt"/>
      <line num="24" count="4" type="stmt"/>
      <line num="25" count="4" type="stmt"/>
      <line num="33" count="1" type="stmt"/>
      <line num="35" count="3" type="stmt"/>
      <line num="39" count="1" type="cond" truecount="0" falsecount="1"/>
      <line num="40" count="4" type="stmt"/>
      <line num="41" count="4" type="stmt"/>
      <line num="49" count="1" type="stmt"/>
      <line num="51" count="3" type="stmt"/>
    </file>
  </project>
</coverage>
