{"C:\\googleprojects\\conductor-context-dashboard\\backend\\src\\app.ts": {"path":"C:\\googleprojects\\conductor-context-dashboard\\backend\\src\\app.ts","statementMap":{"0":{"start":{"line":1,"column":0},"end":{"line":1,"column":30}},"1":{"start":{"line":3,"column":12},"end":{"line":3,"column":21}},"2":{"start":{"line":4,"column":13},"end":{"line":4,"column":37}},"3":{"start":{"line":6,"column":0},"end":{"line":8,"column":3}},"4":{"start":{"line":7,"column":2},"end":{"line":7,"column":39}},"5":{"start":{"line":11,"column":0},"end":{"line":11,"column":19}},"6":{"start":{"line":14,"column":0},"end":{"line":18,"column":1}},"7":{"start":{"line":15,"column":2},"end":{"line":17,"column":5}},"8":{"start":{"line":16,"column":4},"end":{"line":16,"column":53}}},"fnMap":{"0":{"name":"(anonymous_1)","decl":{"start":{"line":6,"column":13},"end":{"line":6,"column":14}},"loc":{"start":{"line":6,"column":26},"end":{"line":8,"column":1}}},"1":{"name":"(anonymous_2)","decl":{"start":{"line":15,"column":19},"end":{"line":15,"column":22}},"loc":{"start":{"line":15,"column":24},"end":{"line":17,"column":3}}}},"branchMap":{"0":{"loc":{"start":{"line":4,"column":13},"end":{"line":4,"column":37}},"type":"binary-expr","locations":[{"start":{"line":4,"column":13},"end":{"line":4,"column":29}},{"start":{"line":4,"column":33},"end":{"line":4,"column":37}}]},"1":{"loc":{"start":{"line":14,"column":0},"end":{"line":18,"column":1}},"type":"if","locations":[{"start":{"line":14,"column":0},"end":{"line":18,"column":1}},{"start":{},"end":{}}]}},"s":{"0":1,"1":1,"2":1,"3":1,"4":1,"5":1,"6":1,"7":0,"8":0},"f":{"0":1,"1":0},"b":{"0":[1,1],"1":[0,1]}}
}
