{"C:\\googleprojects\\conductor-context-dashboard\\backend\\src\\app.ts": {"path":"C:\\googleprojects\\conductor-context-dashboard\\backend\\src\\app.ts","statementMap":{"0":{"start":{"line":1,"column":0},"end":{"line":1,"column":30}},"1":{"start":{"line":2,"column":0},"end":{"line":2,"column":34}},"2":{"start":{"line":4,"column":12},"end":{"line":4,"column":21}},"3":{"start":{"line":5,"column":13},"end":{"line":5,"column":24}},"4":{"start":{"line":7,"column":0},"end":{"line":7,"column":24}},"5":{"start":{"line":9,"column":0},"end":{"line":11,"column":3}},"6":{"start":{"line":10,"column":2},"end":{"line":10,"column":39}},"7":{"start":{"line":13,"column":0},"end":{"line":15,"column":3}},"8":{"start":{"line":14,"column":2},"end":{"line":14,"column":39}},"9":{"start":{"line":18,"column":0},"end":{"line":18,"column":19}},"10":{"start":{"line":21,"column":0},"end":{"line":25,"column":1}},"11":{"start":{"line":22,"column":2},"end":{"line":24,"column":5}},"12":{"start":{"line":23,"column":4},"end":{"line":23,"column":53}}},"fnMap":{"0":{"name":"(anonymous_1)","decl":{"start":{"line":9,"column":13},"end":{"line":9,"column":14}},"loc":{"start":{"line":9,"column":26},"end":{"line":11,"column":1}}},"1":{"name":"(anonymous_2)","decl":{"start":{"line":13,"column":18},"end":{"line":13,"column":19}},"loc":{"start":{"line":13,"column":31},"end":{"line":15,"column":1}}},"2":{"name":"(anonymous_3)","decl":{"start":{"line":22,"column":19},"end":{"line":22,"column":22}},"loc":{"start":{"line":22,"column":24},"end":{"line":24,"column":3}}}},"branchMap":{"0":{"loc":{"start":{"line":21,"column":0},"end":{"line":25,"column":1}},"type":"if","locations":[{"start":{"line":21,"column":0},"end":{"line":25,"column":1}},{"start":{},"end":{}}]}},"s":{"0":1,"1":1,"2":1,"3":1,"4":1,"5":1,"6":1,"7":1,"8":1,"9":1,"10":1,"11":0,"12":0},"f":{"0":1,"1":1,"2":0},"b":{"0":[0,1]}}
,"C:\\googleprojects\\conductor-context-dashboard\\backend\\src\\conductor-parser.ts": {"path":"C:\\googleprojects\\conductor-context-dashboard\\backend\\src\\conductor-parser.ts","statementMap":{"0":{"start":{"line":39,"column":29},"end":{"line":39,"column":73}},"1":{"start":{"line":41,"column":38},"end":{"line":49,"column":1}},"2":{"start":{"line":42,"column":4},"end":{"line":48,"column":7}},"3":{"start":{"line":45,"column":8},"end":{"line":47,"column":48}},"4":{"start":{"line":41,"column":13},"end":{"line":41,"column":38}},"5":{"start":{"line":55,"column":31},"end":{"line":66,"column":1}},"6":{"start":{"line":56,"column":4},"end":{"line":65,"column":5}},"7":{"start":{"line":57,"column":39},"end":{"line":57,"column":58}},"8":{"start":{"line":58,"column":8},"end":{"line":60,"column":9}},"9":{"start":{"line":59,"column":12},"end":{"line":59,"column":81}},"10":{"start":{"line":61,"column":8},"end":{"line":61,"column":47}},"11":{"start":{"line":63,"column":8},"end":{"line":63,"column":64}},"12":{"start":{"line":64,"column":8},"end":{"line":64,"column":60}},"13":{"start":{"line":55,"column":13},"end":{"line":55,"column":31}},"14":{"start":{"line":68,"column":29},"end":{"line":95,"column":1}},"15":{"start":{"line":69,"column":26},"end":{"line":69,"column":28}},"16":{"start":{"line":70,"column":16},"end":{"line":70,"column":35}},"17":{"start":{"line":72,"column":26},"end":{"line":72,"column":54}},"18":{"start":{"line":73,"column":25},"end":{"line":73,"column":57}},"19":{"start":{"line":75,"column":41},"end":{"line":75,"column":45}},"20":{"start":{"line":77,"column":2},"end":{"line":92,"column":3}},"21":{"start":{"line":78,"column":23},"end":{"line":78,"column":50}},"22":{"start":{"line":79,"column":4},"end":{"line":82,"column":5}},"23":{"start":{"line":80,"column":6},"end":{"line":80,"column":47}},"24":{"start":{"line":81,"column":6},"end":{"line":81,"column":15}},"25":{"start":{"line":84,"column":22},"end":{"line":84,"column":48}},"26":{"start":{"line":85,"column":4},"end":{"line":91,"column":5}},"27":{"start":{"line":86,"column":6},"end":{"line":89,"column":9}},"28":{"start":{"line":90,"column":6},"end":{"line":90,"column":31}},"29":{"start":{"line":94,"column":2},"end":{"line":94,"column":20}},"30":{"start":{"line":68,"column":13},"end":{"line":68,"column":29}},"31":{"start":{"line":97,"column":27},"end":{"line":157,"column":1}},"32":{"start":{"line":98,"column":33},"end":{"line":98,"column":58}},"33":{"start":{"line":99,"column":16},"end":{"line":99,"column":35}},"34":{"start":{"line":101,"column":25},"end":{"line":101,"column":41}},"35":{"start":{"line":102,"column":21},"end":{"line":102,"column":71}},"36":{"start":{"line":103,"column":20},"end":{"line":103,"column":48}},"37":{"start":{"line":104,"column":23},"end":{"line":104,"column":51}},"38":{"start":{"line":106,"column":35},"end":{"line":106,"column":39}},"39":{"start":{"line":107,"column":33},"end":{"line":107,"column":37}},"40":{"start":{"line":109,"column":20},"end":{"line":113,"column":3}},"41":{"start":{"line":110,"column":4},"end":{"line":110,"column":47}},"42":{"start":{"line":110,"column":28},"end":{"line":110,"column":47}},"43":{"start":{"line":111,"column":4},"end":{"line":111,"column":49}},"44":{"start":{"line":111,"column":28},"end":{"line":111,"column":49}},"45":{"start":{"line":112,"column":4},"end":{"line":112,"column":21}},"46":{"start":{"line":115,"column":2},"end":{"line":154,"column":3}},"47":{"start":{"line":116,"column":27},"end":{"line":116,"column":53}},"48":{"start":{"line":117,"column":4},"end":{"line":120,"column":5}},"49":{"start":{"line":118,"column":6},"end":{"line":118,"column":50}},"50":{"start":{"line":119,"column":6},"end":{"line":119,"column":15}},"51":{"start":{"line":122,"column":23},"end":{"line":122,"column":45}},"52":{"start":{"line":123,"column":4},"end":{"line":132,"column":5}},"53":{"start":{"line":124,"column":6},"end":{"line":128,"column":8}},"54":{"start":{"line":129,"column":6},"end":{"line":129,"column":43}},"55":{"start":{"line":130,"column":6},"end":{"line":130,"column":25}},"56":{"start":{"line":131,"column":6},"end":{"line":131,"column":15}},"57":{"start":{"line":134,"column":22},"end":{"line":134,"column":43}},"58":{"start":{"line":135,"column":4},"end":{"line":143,"column":5}},"59":{"start":{"line":136,"column":6},"end":{"line":140,"column":8}},"60":{"start":{"line":141,"column":6},"end":{"line":141,"column":43}},"61":{"start":{"line":142,"column":6},"end":{"line":142,"column":15}},"62":{"start":{"line":145,"column":25},"end":{"line":145,"column":49}},"63":{"start":{"line":146,"column":4},"end":{"line":153,"column":5}},"64":{"start":{"line":147,"column":31},"end":{"line":150,"column":8}},"65":{"start":{"line":151,"column":6},"end":{"line":151,"column":41}},"66":{"start":{"line":152,"column":6},"end":{"line":152,"column":15}},"67":{"start":{"line":156,"column":2},"end":{"line":156,"column":20}},"68":{"start":{"line":97,"column":13},"end":{"line":97,"column":27}}},"fnMap":{"0":{"name":"(anonymous_0)","decl":{"start":{"line":41,"column":38},"end":{"line":41,"column":39}},"loc":{"start":{"line":41,"column":85},"end":{"line":49,"column":1}}},"1":{"name":"(anonymous_1)","decl":{"start":{"line":42,"column":27},"end":{"line":42,"column":31}},"loc":{"start":{"line":42,"column":34},"end":{"line":48,"column":5}}},"2":{"name":"(anonymous_2)","decl":{"start":{"line":55,"column":31},"end":{"line":55,"column":32}},"loc":{"start":{"line":55,"column":59},"end":{"line":66,"column":1}}},"3":{"name":"(anonymous_3)","decl":{"start":{"line":68,"column":29},"end":{"line":68,"column":30}},"loc":{"start":{"line":68,"column":63},"end":{"line":95,"column":1}}},"4":{"name":"(anonymous_4)","decl":{"start":{"line":97,"column":27},"end":{"line":97,"column":28}},"loc":{"start":{"line":97,"column":59},"end":{"line":157,"column":1}}},"5":{"name":"(anonymous_5)","decl":{"start":{"line":109,"column":20},"end":{"line":109,"column":21}},"loc":{"start":{"line":109,"column":84},"end":{"line":113,"column":3}}}},"branchMap":{"0":{"loc":{"start":{"line":45,"column":15},"end":{"line":47,"column":47}},"type":"binary-expr","locations":[{"start":{"line":45,"column":15},"end":{"line":45,"column":35}},{"start":{"line":46,"column":15},"end":{"line":46,"column":55}},{"start":{"line":47,"column":15},"end":{"line":47,"column":47}}]},"1":{"loc":{"start":{"line":58,"column":8},"end":{"line":60,"column":9}},"type":"if","locations":[{"start":{"line":58,"column":8},"end":{"line":60,"column":9}},{"start":{},"end":{}}]},"2":{"loc":{"start":{"line":79,"column":4},"end":{"line":82,"column":5}},"type":"if","locations":[{"start":{"line":79,"column":4},"end":{"line":82,"column":5}},{"start":{},"end":{}}]},"3":{"loc":{"start":{"line":85,"column":4},"end":{"line":91,"column":5}},"type":"if","locations":[{"start":{"line":85,"column":4},"end":{"line":91,"column":5}},{"start":{},"end":{}}]},"4":{"loc":{"start":{"line":85,"column":8},"end":{"line":85,"column":38}},"type":"binary-expr","locations":[{"start":{"line":85,"column":8},"end":{"line":85,"column":17}},{"start":{"line":85,"column":21},"end":{"line":85,"column":38}}]},"5":{"loc":{"start":{"line":110,"column":4},"end":{"line":110,"column":47}},"type":"if","locations":[{"start":{"line":110,"column":4},"end":{"line":110,"column":47}},{"start":{},"end":{}}]},"6":{"loc":{"start":{"line":111,"column":4},"end":{"line":111,"column":49}},"type":"if","locations":[{"start":{"line":111,"column":4},"end":{"line":111,"column":49}},{"start":{},"end":{}}]},"7":{"loc":{"start":{"line":117,"column":4},"end":{"line":120,"column":5}},"type":"if","locations":[{"start":{"line":117,"column":4},"end":{"line":120,"column":5}},{"start":{},"end":{}}]},"8":{"loc":{"start":{"line":123,"column":4},"end":{"line":132,"column":5}},"type":"if","locations":[{"start":{"line":123,"column":4},"end":{"line":132,"column":5}},{"start":{},"end":{}}]},"9":{"loc":{"start":{"line":127,"column":12},"end":{"line":127,"column":65}},"type":"binary-expr","locations":[{"start":{"line":127,"column":12},"end":{"line":127,"column":25}},{"start":{"line":127,"column":29},"end":{"line":127,"column":65}}]},"10":{"loc":{"start":{"line":135,"column":4},"end":{"line":143,"column":5}},"type":"if","locations":[{"start":{"line":135,"column":4},"end":{"line":143,"column":5}},{"start":{},"end":{}}]},"11":{"loc":{"start":{"line":135,"column":8},"end":{"line":135,"column":33}},"type":"binary-expr","locations":[{"start":{"line":135,"column":8},"end":{"line":135,"column":17}},{"start":{"line":135,"column":21},"end":{"line":135,"column":33}}]},"12":{"loc":{"start":{"line":146,"column":4},"end":{"line":153,"column":5}},"type":"if","locations":[{"start":{"line":146,"column":4},"end":{"line":153,"column":5}},{"start":{},"end":{}}]},"13":{"loc":{"start":{"line":146,"column":8},"end":{"line":146,"column":35}},"type":"binary-expr","locations":[{"start":{"line":146,"column":8},"end":{"line":146,"column":20}},{"start":{"line":146,"column":24},"end":{"line":146,"column":35}}]}},"s":{"0":1,"1":1,"2":1,"3":7,"4":1,"5":1,"6":3,"7":3,"8":2,"9":1,"10":1,"11":2,"12":2,"13":1,"14":1,"15":5,"16":5,"17":5,"18":5,"19":5,"20":5,"21":41,"22":41,"23":6,"24":6,"25":35,"26":35,"27":4,"28":4,"29":5,"30":1,"31":1,"32":5,"33":5,"34":5,"35":5,"36":5,"37":5,"38":5,"39":5,"40":5,"41":13,"42":6,"43":7,"44":2,"45":5,"46":5,"47":43,"48":43,"49":5,"50":5,"51":38,"52":38,"53":4,"54":4,"55":4,"56":4,"57":34,"58":34,"59":6,"60":6,"61":6,"62":28,"63":28,"64":7,"65":7,"66":7,"67":5,"68":1},"f":{"0":1,"1":7,"2":3,"3":5,"4":5,"5":13},"b":{"0":[7,5,3],"1":[1,1],"2":[6,35],"3":[4,31],"4":[35,4],"5":[6,7],"6":[2,5],"7":[5,38],"8":[4,34],"9":[4,2],"10":[6,28],"11":[34,6],"12":[7,21],"13":[28,8]}}
,"C:\\googleprojects\\conductor-context-dashboard\\backend\\src\\config.ts": {"path":"C:\\googleprojects\\conductor-context-dashboard\\backend\\src\\config.ts","statementMap":{"0":{"start":{"line":2,"column":0},"end":{"line":2,"column":28}},"1":{"start":{"line":3,"column":0},"end":{"line":3,"column":24}},"2":{"start":{"line":6,"column":0},"end":{"line":6,"column":60}},"3":{"start":{"line":13,"column":25},"end":{"line":18,"column":1}},"4":{"start":{"line":14,"column":2},"end":{"line":17,"column":4}},"5":{"start":{"line":13,"column":13},"end":{"line":13,"column":25}},"6":{"start":{"line":20,"column":13},"end":{"line":20,"column":34}}},"fnMap":{"0":{"name":"(anonymous_1)","decl":{"start":{"line":13,"column":25},"end":{"line":13,"column":36}},"loc":{"start":{"line":13,"column":38},"end":{"line":18,"column":1}}}},"branchMap":{"0":{"loc":{"start":{"line":15,"column":19},"end":{"line":15,"column":45}},"type":"binary-expr","locations":[{"start":{"line":15,"column":19},"end":{"line":15,"column":35}},{"start":{"line":15,"column":39},"end":{"line":15,"column":45}}]},"1":{"loc":{"start":{"line":16,"column":14},"end":{"line":16,"column":51}},"type":"binary-expr","locations":[{"start":{"line":16,"column":14},"end":{"line":16,"column":34}},{"start":{"line":16,"column":38},"end":{"line":16,"column":51}}]}},"s":{"0":5,"1":5,"2":5,"3":5,"4":5,"5":5,"6":5},"f":{"0":5},"b":{"0":[5,4],"1":[5,1]}}
,"C:\\googleprojects\\conductor-context-dashboard\\backend\\src\\github.ts": {"path":"C:\\googleprojects\\conductor-context-dashboard\\backend\\src\\github.ts","statementMap":{"0":{"start":{"line":2,"column":0},"end":{"line":2,"column":26}},"1":{"start":{"line":11,"column":26},"end":{"line":21,"column":1}},"2":{"start":{"line":12,"column":4},"end":{"line":19,"column":5}},"3":{"start":{"line":13,"column":8},"end":{"line":13,"column":72}},"4":{"start":{"line":14,"column":8},"end":{"line":16,"column":9}},"5":{"start":{"line":15,"column":12},"end":{"line":15,"column":108}},"6":{"start":{"line":18,"column":8},"end":{"line":18,"column":62}},"7":{"start":{"line":20,"column":4},"end":{"line":20,"column":16}},"8":{"start":{"line":23,"column":35},"end":{"line":37,"column":1}},"9":{"start":{"line":24,"column":4},"end":{"line":36,"column":5}},"10":{"start":{"line":25,"column":25},"end":{"line":31,"column":null}},"11":{"start":{"line":33,"column":8},"end":{"line":33,"column":29}},"12":{"start":{"line":35,"column":8},"end":{"line":35,"column":50}},"13":{"start":{"line":23,"column":13},"end":{"line":23,"column":35}},"14":{"start":{"line":39,"column":39},"end":{"line":53,"column":1}},"15":{"start":{"line":40,"column":4},"end":{"line":52,"column":5}},"16":{"start":{"line":41,"column":25},"end":{"line":47,"column":null}},"17":{"start":{"line":49,"column":8},"end":{"line":49,"column":29}},"18":{"start":{"line":51,"column":8},"end":{"line":51,"column":64}},"19":{"start":{"line":39,"column":13},"end":{"line":39,"column":39}}},"fnMap":{"0":{"name":"(anonymous_1)","decl":{"start":{"line":11,"column":26},"end":{"line":11,"column":27}},"loc":{"start":{"line":11,"column":62},"end":{"line":21,"column":1}}},"1":{"name":"(anonymous_2)","decl":{"start":{"line":23,"column":35},"end":{"line":23,"column":40}},"loc":{"start":{"line":23,"column":104},"end":{"line":37,"column":1}}},"2":{"name":"(anonymous_3)","decl":{"start":{"line":39,"column":39},"end":{"line":39,"column":44}},"loc":{"start":{"line":39,"column":122},"end":{"line":53,"column":1}}}},"branchMap":{"0":{"loc":{"start":{"line":12,"column":4},"end":{"line":19,"column":5}},"type":"if","locations":[{"start":{"line":12,"column":4},"end":{"line":19,"column":5}},{"start":{"line":17,"column":11},"end":{"line":19,"column":5}}]},"1":{"loc":{"start":{"line":14,"column":8},"end":{"line":16,"column":9}},"type":"if","locations":[{"start":{"line":14,"column":8},"end":{"line":16,"column":9}},{"start":{},"end":{}}]},"2":{"loc":{"start":{"line":39,"column":75},"end":{"line":39,"column":92}},"type":"default-arg","locations":[{"start":{"line":39,"column":90},"end":{"line":39,"column":92}}]}},"s":{"0":1,"1":1,"2":6,"3":4,"4":4,"5":2,"6":2,"7":6,"8":1,"9":4,"10":4,"11":1,"12":3,"13":1,"14":1,"15":4,"16":4,"17":1,"18":3,"19":1},"f":{"0":6,"1":4,"2":4},"b":{"0":[4,2],"1":[2,2],"2":[0]}}
}
