TN:
SF:src\app.ts
FN:9,(anonymous_1)
FN:13,(anonymous_2)
FN:22,(anonymous_3)
FNF:3
FNH:2
FNDA:1,(anonymous_1)
FNDA:1,(anonymous_2)
FNDA:0,(anonymous_3)
DA:1,1
DA:2,1
DA:4,1
DA:5,1
DA:7,1
DA:9,1
DA:10,1
DA:13,1
DA:14,1
DA:18,1
DA:21,1
DA:22,0
DA:23,0
LF:13
LH:11
BRDA:21,0,0,0
BRDA:21,0,1,1
BRF:2
BRH:1
end_of_record
TN:
SF:src\conductor-parser.ts
FN:41,(anonymous_0)
FN:42,(anonymous_1)
FN:55,(anonymous_2)
FN:68,(anonymous_3)
FN:97,(anonymous_4)
FN:109,(anonymous_5)
FNF:6
FNH:6
FNDA:1,(anonymous_0)
FNDA:7,(anonymous_1)
FNDA:3,(anonymous_2)
FNDA:5,(anonymous_3)
FNDA:5,(anonymous_4)
FNDA:13,(anonymous_5)
DA:39,1
DA:41,1
DA:42,1
DA:45,7
DA:55,1
DA:56,3
DA:57,3
DA:58,2
DA:59,1
DA:61,1
DA:63,2
DA:64,2
DA:68,1
DA:69,5
DA:70,5
DA:72,5
DA:73,5
DA:75,5
DA:77,5
DA:78,41
DA:79,41
DA:80,6
DA:81,6
DA:84,35
DA:85,35
DA:86,4
DA:90,4
DA:94,5
DA:97,1
DA:98,5
DA:99,5
DA:101,5
DA:102,5
DA:103,5
DA:104,5
DA:106,5
DA:107,5
DA:109,5
DA:110,13
DA:111,7
DA:112,5
DA:115,5
DA:116,43
DA:117,43
DA:118,5
DA:119,5
DA:122,38
DA:123,38
DA:124,4
DA:129,4
DA:130,4
DA:131,4
DA:134,34
DA:135,34
DA:136,6
DA:141,6
DA:142,6
DA:145,28
DA:146,28
DA:147,7
DA:151,7
DA:152,7
DA:156,5
LF:63
LH:63
BRDA:45,0,0,7
BRDA:45,0,1,5
BRDA:45,0,2,3
BRDA:58,1,0,1
BRDA:58,1,1,1
BRDA:79,2,0,6
BRDA:79,2,1,35
BRDA:85,3,0,4
BRDA:85,3,1,31
BRDA:85,4,0,35
BRDA:85,4,1,4
BRDA:110,5,0,6
BRDA:110,5,1,7
BRDA:111,6,0,2
BRDA:111,6,1,5
BRDA:117,7,0,5
BRDA:117,7,1,38
BRDA:123,8,0,4
BRDA:123,8,1,34
BRDA:127,9,0,4
BRDA:127,9,1,2
BRDA:135,10,0,6
BRDA:135,10,1,28
BRDA:135,11,0,34
BRDA:135,11,1,6
BRDA:146,12,0,7
BRDA:146,12,1,21
BRDA:146,13,0,28
BRDA:146,13,1,8
BRF:29
BRH:29
end_of_record
TN:
SF:src\config.ts
FN:13,(anonymous_1)
FNF:1
FNH:1
FNDA:5,(anonymous_1)
DA:2,5
DA:3,5
DA:6,5
DA:13,5
DA:14,5
DA:20,5
LF:6
LH:6
BRDA:15,0,0,5
BRDA:15,0,1,4
BRDA:16,1,0,5
BRDA:16,1,1,1
BRF:4
BRH:4
end_of_record
TN:
SF:src\github.ts
FN:11,(anonymous_1)
FN:23,(anonymous_2)
FN:39,(anonymous_3)
FNF:3
FNH:3
FNDA:6,(anonymous_1)
FNDA:4,(anonymous_2)
FNDA:4,(anonymous_3)
DA:2,1
DA:11,1
DA:12,6
DA:13,4
DA:14,4
DA:15,2
DA:18,2
DA:20,6
DA:23,1
DA:24,4
DA:25,4
DA:33,1
DA:35,3
DA:39,1
DA:40,4
DA:41,4
DA:49,1
DA:51,3
LF:18
LH:18
BRDA:12,0,0,4
BRDA:12,0,1,2
BRDA:14,1,0,2
BRDA:14,1,1,2
BRDA:39,2,0,0
BRF:5
BRH:4
end_of_record
